  AppClass.cpp
  A06_LERP.vcxproj -> C:\Users\Chris\Documents\GitHub\DSA2\A06- LERP\Z_DELETE\A06_LERPD.exe
  A06_LERP.vcxproj -> C:\Users\Chris\Documents\GitHub\DSA2\A06- LERP\Z_DELETE\A06_LERPD.pdb (Full PDB)
  A subdirectory or file C:\Users\Chris\Documents\GitHub\DSA2\A06- LERP\_Binary\ already exists.
  C:\Users\Chris\Documents\GitHub\DSA2\A06- LERP\include\GL\bin\glew32.dll
  C:\Users\Chris\Documents\GitHub\DSA2\A06- LERP\include\GL\bin\glut32.dll
  2 File(s) copied
  C:\Users\Chris\Documents\GitHub\DSA2\A06- LERP\include\RE\bin\2015\ReEng_VS15.dll
  C:\Users\Chris\Documents\GitHub\DSA2\A06- LERP\include\RE\bin\2015\ReEng_VS15_d.dll
  2 File(s) copied
  C:\Users\Chris\Documents\GitHub\DSA2\A06- LERP\include\SFML\bin\sfml-system-2.dll
  1 File(s) copied
  C:\Users\Chris\Documents\GitHub\DSA2\A06- LERP\include\SFML\bin\sfml-window-2.dll
  1 File(s) copied
  A subdirectory or file C:\Users\Chris\Documents\GitHub\DSA2\A06- LERP\_Binary\Shaders\ already exists.
  C:\Users\Chris\Documents\GitHub\DSA2\A06- LERP\include\RE\Shaders\Basic.fs
  C:\Users\Chris\Documents\GitHub\DSA2\A06- LERP\include\RE\Shaders\Basic.vs
  C:\Users\Chris\Documents\GitHub\DSA2\A06- LERP\include\RE\Shaders\BasicColor.fs
  C:\Users\Chris\Documents\GitHub\DSA2\A06- LERP\include\RE\Shaders\BasicColor.vs
  C:\Users\Chris\Documents\GitHub\DSA2\A06- LERP\include\RE\Shaders\Color.fs
  C:\Users\Chris\Documents\GitHub\DSA2\A06- LERP\include\RE\Shaders\Color.vs
  C:\Users\Chris\Documents\GitHub\DSA2\A06- LERP\include\RE\Shaders\PassThrough.fs
  C:\Users\Chris\Documents\GitHub\DSA2\A06- LERP\include\RE\Shaders\PassThrough.vs
  C:\Users\Chris\Documents\GitHub\DSA2\A06- LERP\include\RE\Shaders\Phong.fs
  C:\Users\Chris\Documents\GitHub\DSA2\A06- LERP\include\RE\Shaders\Phong.vs
  C:\Users\Chris\Documents\GitHub\DSA2\A06- LERP\include\RE\Shaders\REShader.fs
  C:\Users\Chris\Documents\GitHub\DSA2\A06- LERP\include\RE\Shaders\REShader.vs
  C:\Users\Chris\Documents\GitHub\DSA2\A06- LERP\include\RE\Shaders\REShaderInv.fs
  C:\Users\Chris\Documents\GitHub\DSA2\A06- LERP\include\RE\Shaders\REShaderMC.fs
  C:\Users\Chris\Documents\GitHub\DSA2\A06- LERP\include\RE\Shaders\Skybox.fs
  C:\Users\Chris\Documents\GitHub\DSA2\A06- LERP\include\RE\Shaders\Skybox.vs
  C:\Users\Chris\Documents\GitHub\DSA2\A06- LERP\include\RE\Shaders\Test.fs
  C:\Users\Chris\Documents\GitHub\DSA2\A06- LERP\include\RE\Shaders\Test.vs
  C:\Users\Chris\Documents\GitHub\DSA2\A06- LERP\include\RE\Shaders\TextShader.fs
  C:\Users\Chris\Documents\GitHub\DSA2\A06- LERP\include\RE\Shaders\TextShader.vs
  20 File(s) copied
